0 silly argv { _: [ 'publish' ],
0 silly argv   progress: true,
0 silly argv   sort: true,
0 silly argv   ci: false,
0 silly argv   loglevel: 'info',
0 silly argv   lernaVersion: '3.0.0-rc.0',
0 silly argv   '$0': 'node_modules/.bin/lerna' }
1 info version 3.0.0-rc.0
2 verbose rootPath /home/vince/Source/js-example-setup/monorepo/library
3 info versioning independent
4 silly isAnythingCommitted
5 verbose isAnythingCommitted 1
6 silly currentBranch
7 verbose currentBranch switchToRollup
8 silly isBehindUpstream
9 error Error: Command failed: git rev-list --left-right --count origin/switchToRollup...switchToRollup
9 error fatal: ambiguous argument 'origin/switchToRollup...switchToRollup': unknown revision or path not in the working tree.
9 error Use '--' to separate paths from revisions, like this:
9 error 'git <command> [<revision>...] -- [<file>...]'
9 error
9 error
9 error     at makeError (/home/vince/Source/js-example-setup/monorepo/library/node_modules/execa/index.js:172:9)
9 error     at Function.module.exports.sync (/home/vince/Source/js-example-setup/monorepo/library/node_modules/execa/index.js:341:15)
9 error     at Object.execSync (/home/vince/Source/js-example-setup/monorepo/library/node_modules/@lerna/child-process/index.js:22:16)
9 error     at countLeftRight (/home/vince/Source/js-example-setup/monorepo/library/node_modules/@lerna/publish/lib/is-behind-upstream.js:30:31)
9 error     at isBehindUpstream (/home/vince/Source/js-example-setup/monorepo/library/node_modules/@lerna/publish/lib/is-behind-upstream.js:14:27)
9 error     at PublishCommand.initialize (/home/vince/Source/js-example-setup/monorepo/library/node_modules/@lerna/publish/index.js:106:11)
